New log file opened at Wed Mar 30 15:37:59 CST 2016 by 14652@yanzy
Sending msg to client activator-f5badfc5-dae3-4652-b431-f77afdb0f4e2: DetachedLogEvent(LogMessage(debug,sbt server socket logs are in: C:\work\code\settlement\.sbtserver\connections\master.log))
Sending msg to client activator-f5badfc5-dae3-4652-b431-f77afdb0f4e2: DetachedLogEvent(LogMessage(debug,sbt client logs are in: C:\work\code\settlement\.sbtserver\connections\activator-f5badfc5-dae3-4652-b431-f77afdb0f4e2.log))
Sending msg to client activator-f5badfc5-dae3-4652-b431-f77afdb0f4e2: DetachedLogEvent(LogMessage(debug,sbt general server logs are in: C:\work\code\settlement\.sbtserver\master.log))
Reading next message from client.
Got request: ListenToEvents()
Reading next message from client.
Sending msg to client activator-f5badfc5-dae3-4652-b431-f77afdb0f4e2: DetachedLogEvent(LogMessage(debug,> --initialize))
Sending msg to client activator-f5badfc5-dae3-4652-b431-f77afdb0f4e2: (3,ReceivedResponse())
Got request: ListenToBuildChange()
Reading next message from client.
Got request: SendSyntheticBuildChanged()
Reading next message from client.
Sending msg to client activator-f5badfc5-dae3-4652-b431-f77afdb0f4e2: DetachedLogEvent(LogMessage(debug,> initialize))
Got request: KeyLookupRequest(discoveredMainClasses)
Reading next message from client.
Got request: KeyLookupRequest(mainClass)
Reading next message from client.
Sending msg to client activator-f5badfc5-dae3-4652-b431-f77afdb0f4e2: DetachedLogEvent(LogMessage(debug,> onFailure load-failed))
Sending msg to client activator-f5badfc5-dae3-4652-b431-f77afdb0f4e2: DetachedLogEvent(LogMessage(debug,> boot))
Sending msg to client activator-f5badfc5-dae3-4652-b431-f77afdb0f4e2: DetachedLogEvent(LogMessage(debug,> reload))
Sending msg to client activator-f5badfc5-dae3-4652-b431-f77afdb0f4e2: DetachedLogEvent(LogMessage(debug,[Loading] Scanning directory C:\work\code\settlement\project))
Sending msg to client activator-f5badfc5-dae3-4652-b431-f77afdb0f4e2: DetachedLogEvent(LogMessage(debug,[Loading] Found non-root projects ))
Sending msg to client activator-f5badfc5-dae3-4652-b431-f77afdb0f4e2: DetachedLogEvent(LogMessage(debug,[Loading] Done in C:\work\code\settlement\project, returning: ()))
Sending msg to client activator-f5badfc5-dae3-4652-b431-f77afdb0f4e2: DetachedLogEvent(LogMessage(debug,deducing auto plugins based on known facts Set(Atom(sbt.plugins.CorePlugin)) and clauses Clauses(List(Clause(Atom(sbt.plugins.JvmPlugin),Set(Atom(sbt.plugins.IvyPlugin))), Clause(Atom(sbt.plugins.JUnitXmlReportPlugin),Set(Atom(sbt.plugins.JvmPlugin))), Clause(Atom(sbt.plugins.CorePlugin),Set(Atom(sbt.plugins.IvyPlugin))), Clause(Atom(sbt.plugins.IvyPlugin),Set(Atom(sbt.plugins.JvmPlugin))), Clause(Atom(sbt.plugins.JvmPlugin),Set(Atom(sbt.plugins.JUnitXmlReportPlugin)))))))
Sending msg to client activator-f5badfc5-dae3-4652-b431-f77afdb0f4e2: DetachedLogEvent(LogMessage(debug,  :: deduced result: Matched(sbt.plugins.CorePlugin,sbt.plugins.IvyPlugin,sbt.plugins.JvmPlugin,sbt.plugins.JUnitXmlReportPlugin)))
Sending msg to client activator-f5badfc5-dae3-4652-b431-f77afdb0f4e2: DetachedLogEvent(LogMessage(debug,sorting: ns: List(sbt.plugins.CorePlugin, sbt.plugins.IvyPlugin, sbt.plugins.JvmPlugin, sbt.plugins.JUnitXmlReportPlugin)))
Sending msg to client activator-f5badfc5-dae3-4652-b431-f77afdb0f4e2: DetachedLogEvent(LogMessage(debug,  :: sorting:: found: List(sbt.plugins.CorePlugin) not found List(sbt.plugins.IvyPlugin, sbt.plugins.JvmPlugin, sbt.plugins.JUnitXmlReportPlugin)))
Sending msg to client activator-f5badfc5-dae3-4652-b431-f77afdb0f4e2: DetachedLogEvent(LogMessage(debug,  :: sorting:: found: List(sbt.plugins.CorePlugin, sbt.plugins.IvyPlugin) not found List(sbt.plugins.JvmPlugin, sbt.plugins.JUnitXmlReportPlugin)))
Sending msg to client activator-f5badfc5-dae3-4652-b431-f77afdb0f4e2: DetachedLogEvent(LogMessage(debug,  :: sorting:: found: List(sbt.plugins.CorePlugin, sbt.plugins.IvyPlugin, sbt.plugins.JvmPlugin) not found List(sbt.plugins.JUnitXmlReportPlugin)))
Sending msg to client activator-f5badfc5-dae3-4652-b431-f77afdb0f4e2: DetachedLogEvent(LogMessage(debug,  :: sorting:: found: List(sbt.plugins.CorePlugin, sbt.plugins.IvyPlugin, sbt.plugins.JvmPlugin, sbt.plugins.JUnitXmlReportPlugin) not found List()))
Sending msg to client activator-f5badfc5-dae3-4652-b431-f77afdb0f4e2: DetachedLogEvent(LogMessage(debug,  :: sorted deduced result: List(sbt.plugins.CorePlugin, sbt.plugins.IvyPlugin, sbt.plugins.JvmPlugin, sbt.plugins.JUnitXmlReportPlugin)))
Sending msg to client activator-f5badfc5-dae3-4652-b431-f77afdb0f4e2: DetachedLogEvent(LogMessage(debug,[Loading] Done in C:\work\code\settlement\project, returning: (settlement-build)))
Sending msg to client activator-f5badfc5-dae3-4652-b431-f77afdb0f4e2: DetachedLogEvent(LogMessage(info,Loading project definition from C:\work\code\settlement\project))
Sending msg to client activator-f5badfc5-dae3-4652-b431-f77afdb0f4e2: DetachedLogEvent(LogMessage(debug,Running task... Cancel: sbt.TaskCancellationStrategy$Null$@482b5535, check cycles: false))
Sending msg to client activator-f5badfc5-dae3-4652-b431-f77afdb0f4e2: DetachedLogEvent(LogStdOut([info] Updating {file:/C:/work/code/settlement/project/}settlement-build...))
Sending msg to client activator-f5badfc5-dae3-4652-b431-f77afdb0f4e2: DetachedLogEvent(LogMessage(info,Updating {file:/C:/work/code/settlement/project/}settlement-build...))
Sending msg to client activator-f5badfc5-dae3-4652-b431-f77afdb0f4e2: DetachedLogEvent(LogMessage(debug,Other repositories:))
Sending msg to client activator-f5badfc5-dae3-4652-b431-f77afdb0f4e2: DetachedLogEvent(LogMessage(debug,Default repositories:))
Sending msg to client activator-f5badfc5-dae3-4652-b431-f77afdb0f4e2: DetachedLogEvent(LogMessage(debug,Using inline dependencies specified in Scala.))
Sending msg to client activator-f5badfc5-dae3-4652-b431-f77afdb0f4e2: DetachedLogEvent(LogMessage(debug,:: resolving dependencies :: default#settlement-build;0.1-SNAPSHOT))
Sending msg to client activator-f5badfc5-dae3-4652-b431-f77afdb0f4e2: DetachedLogEvent(LogMessage(debug,	confs: [compile, runtime, test, provided, optional, compile-internal, runtime-internal, test-internal, plugin, sources, docs, pom, scala-tool]))
Sending msg to client activator-f5badfc5-dae3-4652-b431-f77afdb0f4e2: DetachedLogEvent(LogMessage(debug,	validate = true))
Sending msg to client activator-f5badfc5-dae3-4652-b431-f77afdb0f4e2: DetachedLogEvent(LogMessage(debug,	refresh = false))
Sending msg to client activator-f5badfc5-dae3-4652-b431-f77afdb0f4e2: DetachedLogEvent(LogMessage(debug,resolving dependencies for configuration 'compile'))
Sending msg to client activator-f5badfc5-dae3-4652-b431-f77afdb0f4e2: DetachedLogEvent(LogMessage(debug,== resolving dependencies for default#settlement-build;0.1-SNAPSHOT [compile]))
Sending msg to client activator-f5badfc5-dae3-4652-b431-f77afdb0f4e2: DetachedLogEvent(LogMessage(debug,== resolving dependencies default#settlement-build;0.1-SNAPSHOT->com.typesafe.play#sbt-plugin;2.5.1 [compile->default(compile)]))
Sending msg to client activator-f5badfc5-dae3-4652-b431-f77afdb0f4e2: DetachedLogEvent(LogStdOut([info] Resolving com.typesafe.play#sbt-plugin;2.5.1 ...))
Sending msg to client activator-f5badfc5-dae3-4652-b431-f77afdb0f4e2: DetachedLogEvent(LogMessage(info,Resolving com.typesafe.play#sbt-plugin;2.5.1 ...))
Sending msg to client activator-f5badfc5-dae3-4652-b431-f77afdb0f4e2: DetachedLogEvent(LogMessage(debug,sbt-chain: Checking cache for: dependency: com.typesafe.play#sbt-plugin;2.5.1 {compile=[default(compile)]}))
Sending msg to client activator-f5badfc5-dae3-4652-b431-f77afdb0f4e2: DetachedLogEvent(LogStdOut([info] Resolving com.typesafe.play#sbt-plugin;2.5.1 ...))
Sending msg to client activator-f5badfc5-dae3-4652-b431-f77afdb0f4e2: DetachedLogEvent(LogMessage(info,Resolving com.typesafe.play#sbt-plugin;2.5.1 ...))
Sending msg to client activator-f5badfc5-dae3-4652-b431-f77afdb0f4e2: DetachedLogEvent(LogMessage(debug,sbt-chain-delegate: Checking cache for: dependency: com.typesafe.play#sbt-plugin;2.5.1 {compile=[default(compile)]}))
Sending msg to client activator-f5badfc5-dae3-4652-b431-f77afdb0f4e2: DetachedLogEvent(LogMessage(debug,		tried https://repo.typesafe.com/typesafe/ivy-releases/com.typesafe.play/sbt-plugin/scala_2.10/sbt_0.13/2.5.1/ivys/ivy.xml))
Sending msg to client activator-f5badfc5-dae3-4652-b431-f77afdb0f4e2: DetachedLogEvent(LogMessage(debug,CLIENT ERROR: Not Found url=https://repo.typesafe.com/typesafe/ivy-releases/com.typesafe.play/sbt-plugin/scala_2.10/sbt_0.13/2.5.1/ivys/ivy.xml))
Sending msg to client activator-f5badfc5-dae3-4652-b431-f77afdb0f4e2: DetachedLogEvent(LogMessage(debug,	typesafe-ivy-releases: no ivy file found for com.typesafe.play#sbt-plugin;2.5.1))
Sending msg to client activator-f5badfc5-dae3-4652-b431-f77afdb0f4e2: DetachedLogEvent(LogMessage(debug,		tried https://repo.scala-sbt.org/scalasbt/sbt-plugin-releases/com.typesafe.play/sbt-plugin/scala_2.10/sbt_0.13/2.5.1/ivys/ivy.xml))
Got request: UnlistenToEvents()
Reading next message from client.
Sending msg to client activator-f5badfc5-dae3-4652-b431-f77afdb0f4e2: (8,ReceivedResponse())
Got request: UnlistenToBuildChange()
Reading next message from client.
Client activator-f5badfc5-dae3-4652-b431-f77afdb0f4e2 EOF, shutting down.
Stopping client.
Dropping message (0,ReceivedResponse()) to dead client activator-f5badfc5-dae3-4652-b431-f77afdb0f4e2
Client activator-f5badfc5-dae3-4652-b431-f77afdb0f4e2 thread exiting.
