New log file opened at Wed Mar 30 15:37:58 CST 2016 by 14652@yanzy
jvm 14652@yanzy
jvm vmName=Java HotSpot(TM) 64-Bit Server VM vmVendor=Oracle Corporation vmVersion=25.31-b07
jvm specName=Java Virtual Machine Specification specVendor=Oracle Corporation specVersion=1.8
jvm arguments: [-Dfile.encoding=UTF8, -Xms256m, -Xmx1024m, -XX:MetaspaceSize=64m, -XX:MaxMetaspaceSize=256m]
Starting event engine
Starting sbt command engine
Waiting for sbt command engine
Command engine arguments=List()
Command engine baseDirectory=C:\work\code\settlement
Command engine initial remaining commands List(--initialize, onFailure load-failed, boot, server-send-ready-for-request, server-handle-next-server-request)
> --initialize
> initialize
> onFailure load-failed
> boot
> reload
[Loading] Scanning directory C:\work\code\settlement\project
[Loading] Found non-root projects 
[Loading] Done in C:\work\code\settlement\project, returning: ()
deducing auto plugins based on known facts Set(Atom(sbt.plugins.CorePlugin)) and clauses Clauses(List(Clause(Atom(sbt.plugins.JvmPlugin),Set(Atom(sbt.plugins.IvyPlugin))), Clause(Atom(sbt.plugins.JUnitXmlReportPlugin),Set(Atom(sbt.plugins.JvmPlugin))), Clause(Atom(sbt.plugins.CorePlugin),Set(Atom(sbt.plugins.IvyPlugin))), Clause(Atom(sbt.plugins.IvyPlugin),Set(Atom(sbt.plugins.JvmPlugin))), Clause(Atom(sbt.plugins.JvmPlugin),Set(Atom(sbt.plugins.JUnitXmlReportPlugin)))))
  :: deduced result: Matched(sbt.plugins.CorePlugin,sbt.plugins.IvyPlugin,sbt.plugins.JvmPlugin,sbt.plugins.JUnitXmlReportPlugin)
sorting: ns: List(sbt.plugins.CorePlugin, sbt.plugins.IvyPlugin, sbt.plugins.JvmPlugin, sbt.plugins.JUnitXmlReportPlugin)
  :: sorting:: found: List(sbt.plugins.CorePlugin) not found List(sbt.plugins.IvyPlugin, sbt.plugins.JvmPlugin, sbt.plugins.JUnitXmlReportPlugin)
  :: sorting:: found: List(sbt.plugins.CorePlugin, sbt.plugins.IvyPlugin) not found List(sbt.plugins.JvmPlugin, sbt.plugins.JUnitXmlReportPlugin)
  :: sorting:: found: List(sbt.plugins.CorePlugin, sbt.plugins.IvyPlugin, sbt.plugins.JvmPlugin) not found List(sbt.plugins.JUnitXmlReportPlugin)
  :: sorting:: found: List(sbt.plugins.CorePlugin, sbt.plugins.IvyPlugin, sbt.plugins.JvmPlugin, sbt.plugins.JUnitXmlReportPlugin) not found List()
  :: sorted deduced result: List(sbt.plugins.CorePlugin, sbt.plugins.IvyPlugin, sbt.plugins.JvmPlugin, sbt.plugins.JUnitXmlReportPlugin)
[Loading] Done in C:\work\code\settlement\project, returning: (settlement-build)
Loading project definition from C:\work\code\settlement\project
Running task... Cancel: sbt.TaskCancellationStrategy$Null$@482b5535, check cycles: false
[info] Updating {file:/C:/work/code/settlement/project/}settlement-build...
Updating {file:/C:/work/code/settlement/project/}settlement-build...
Other repositories:
Default repositories:
Using inline dependencies specified in Scala.
:: resolving dependencies :: default#settlement-build;0.1-SNAPSHOT
	confs: [compile, runtime, test, provided, optional, compile-internal, runtime-internal, test-internal, plugin, sources, docs, pom, scala-tool]
	validate = true
	refresh = false
resolving dependencies for configuration 'compile'
== resolving dependencies for default#settlement-build;0.1-SNAPSHOT [compile]
== resolving dependencies default#settlement-build;0.1-SNAPSHOT->com.typesafe.play#sbt-plugin;2.5.1 [compile->default(compile)]
[info] Resolving com.typesafe.play#sbt-plugin;2.5.1 ...
Resolving com.typesafe.play#sbt-plugin;2.5.1 ...
sbt-chain: Checking cache for: dependency: com.typesafe.play#sbt-plugin;2.5.1 {compile=[default(compile)]}
[info] Resolving com.typesafe.play#sbt-plugin;2.5.1 ...
Resolving com.typesafe.play#sbt-plugin;2.5.1 ...
sbt-chain-delegate: Checking cache for: dependency: com.typesafe.play#sbt-plugin;2.5.1 {compile=[default(compile)]}
		tried https://repo.typesafe.com/typesafe/ivy-releases/com.typesafe.play/sbt-plugin/scala_2.10/sbt_0.13/2.5.1/ivys/ivy.xml
CLIENT ERROR: Not Found url=https://repo.typesafe.com/typesafe/ivy-releases/com.typesafe.play/sbt-plugin/scala_2.10/sbt_0.13/2.5.1/ivys/ivy.xml
	typesafe-ivy-releases: no ivy file found for com.typesafe.play#sbt-plugin;2.5.1
		tried https://repo.scala-sbt.org/scalasbt/sbt-plugin-releases/com.typesafe.play/sbt-plugin/scala_2.10/sbt_0.13/2.5.1/ivys/ivy.xml
[warn] Host repo.scala-sbt.org not found. url=https://repo.scala-sbt.org/scalasbt/sbt-plugin-releases/com.typesafe.play/sbt-plugin/scala_2.10/sbt_0.13/2.5.1/ivys/ivy.xml
Host repo.scala-sbt.org not found. url=https://repo.scala-sbt.org/scalasbt/sbt-plugin-releases/com.typesafe.play/sbt-plugin/scala_2.10/sbt_0.13/2.5.1/ivys/ivy.xml
[info] You probably access the destination server through a proxy server that is not well configured.
You probably access the destination server through a proxy server that is not well configured.
	sbt-plugin-releases: no ivy file found for com.typesafe.play#sbt-plugin;2.5.1
		tried C:\Users\yanziyang\.ivy2\local\com.typesafe.play\sbt-plugin\scala_2.10\sbt_0.13\2.5.1\ivys\ivy.xml
	local: no ivy file found for com.typesafe.play#sbt-plugin;2.5.1
		tried C:\Users\yanziyang\.activator\repository\com.typesafe.play\sbt-plugin\scala_2.10\sbt_0.13\2.5.1\ivys\ivy.xml
	activator-launcher-local: no ivy file found for com.typesafe.play#sbt-plugin;2.5.1
		tried C:\work\soft\activator-dist-1.3.9\repository\com.typesafe.play\sbt-plugin\scala_2.10\sbt_0.13\2.5.1\ivys\ivy.xml
	activator-local: no ivy file found for com.typesafe.play#sbt-plugin;2.5.1
		tried https://repo1.maven.org/maven2/com/typesafe/play/sbt-plugin_2.10_0.13/2.5.1/sbt-plugin-2.5.1.pom
